<?xml version="1.0" encoding="UTF-8"?>
<!-- Generated by org.testng.reporters.JUnitReportReporter -->
<testsuite hostname="DESKTOP-BNIRTNQ" failures="0" tests="1" name="com.SauceDemo.TestClasses.TC02VerifyLogOutFunctionality" time="17.754" errors="0" timestamp="2022-08-07T10:41:59 IST" skipped="0">
  <testcase classname="com.SauceDemo.TestClasses.TC02VerifyLogOutFunctionality" name="verifyLogOut" time="17.754"/>
  <system-out/>
</testsuite> <!-- com.SauceDemo.TestClasses.TC02VerifyLogOutFunctionality -->
