<?xml version="1.0" encoding="UTF-8"?>
<!-- Generated by org.testng.reporters.JUnitReportReporter -->
<testsuite hostname="DESKTOP-BNIRTNQ" failures="0" tests="1" name="com.SauceDemo.TestClasses.TC01VerifyLoginFunctionality" time="10.033" errors="0" timestamp="2022-08-07T10:41:59 IST" skipped="0">
  <testcase classname="com.SauceDemo.TestClasses.TC01VerifyLoginFunctionality" name="verifyLogin" time="10.033"/>
  <system-out/>
</testsuite> <!-- com.SauceDemo.TestClasses.TC01VerifyLoginFunctionality -->
